mobileTravel/manifest-merger-store_360-release-report.txt
-- Merging decision tree log ---
manifest
ADDED from AndroidManifest.xml:2:1
	package
		ADDED from AndroidManifest.xml:3:5
		INJECTED from AndroidManifest.xml:0:0
		INJECTED from AndroidManifest.xml:0:0
	android:versionName
		ADDED from AndroidManifest.xml:5:5
	android:versionCode
		ADDED from AndroidManifest.xml:4:5
		INJECTED from AndroidManifest.xml:0:0
		INJECTED from AndroidManifest.xml:0:0
	xmlns:android
		ADDED from AndroidManifest.xml:2:11
uses-sdk
ADDED from AndroidManifest.xml:7:5
MERGED from QHThridTravel:recyclerview:unspecified:5:5
MERGED from QHThridTravel:library:unspecified:7:5
MERGED from QHThridTravel:volley:unspecified:7:5
MERGED from QHThridTravel:library_xUtils:unspecified:7:5
	android:targetSdkVersion
		ADDED from AndroidManifest.xml:9:9
		INJECTED from AndroidManifest.xml:0:0
		INJECTED from AndroidManifest.xml:0:0
	android:minSdkVersion
		ADDED from AndroidManifest.xml:8:9
		INJECTED from AndroidManifest.xml:0:0
		INJECTED from AndroidManifest.xml:0:0
uses-feature#0x00020000
ADDED from AndroidManifest.xml:11:5
	android:glEsVersion
		ADDED from AndroidManifest.xml:12:9
	android:required
		ADDED from AndroidManifest.xml:13:9
uses-feature#android.hardware.camera
ADDED from AndroidManifest.xml:16:5
	android:name
		ADDED from AndroidManifest.xml:16:19
uses-feature#android.hardware.camera.autofocus
ADDED from AndroidManifest.xml:17:5
	android:name
		ADDED from AndroidManifest.xml:17:19
uses-permission#android.permission.CAMERA
ADDED from AndroidManifest.xml:19:5
	android:name
		ADDED from AndroidManifest.xml:19:22
uses-permission#android.permission.RECORD_AUDIO
ADDED from AndroidManifest.xml:20:5
	android:name
		ADDED from AndroidManifest.xml:20:22
uses-permission#android.permission.RECORD_VIDEO
ADDED from AndroidManifest.xml:21:5
	android:name
		ADDED from AndroidManifest.xml:21:22
uses-permission#android.permission.INTERNET
ADDED from AndroidManifest.xml:24:5
	android:name
		ADDED from AndroidManifest.xml:24:22
uses-permission#android.permission.CHANGE_WIFI_STATE
ADDED from AndroidManifest.xml:25:5
	android:name
		ADDED from AndroidManifest.xml:25:22
uses-permission#android.permission.ACCESS_WIFI_STATE
ADDED from AndroidManifest.xml:26:5
	android:name
		ADDED from AndroidManifest.xml:26:22
uses-permission#android.permission.ACCESS_NETWORK_STATE
ADDED from AndroidManifest.xml:27:5
	android:name
		ADDED from AndroidManifest.xml:27:22
uses-permission#android.permission.CHANGE_NETWORK_STATE
ADDED from AndroidManifest.xml:28:5
	android:name
		ADDED from AndroidManifest.xml:28:22
uses-permission#android.permission.ACCESS_COARSE_LOCATION
ADDED from AndroidManifest.xml:31:5
	android:name
		ADDED from AndroidManifest.xml:31:22
uses-permission#android.permission.ACCESS_FINE_LOCATION
ADDED from AndroidManifest.xml:32:5
	android:name
		ADDED from AndroidManifest.xml:32:22
uses-permission#android.permission.RECEIVE_BOOT_COMPLETED
ADDED from AndroidManifest.xml:35:5
	android:name
		ADDED from AndroidManifest.xml:35:22
uses-permission#android.permission.GET_ACCOUNTS
ADDED from AndroidManifest.xml:38:5
	android:name
		ADDED from AndroidManifest.xml:38:22
uses-permission#android.permission.USE_CREDENTIALS
ADDED from AndroidManifest.xml:39:5
	android:name
		ADDED from AndroidManifest.xml:39:22
uses-permission#android.permission.MANAGE_ACCOUNTS
ADDED from AndroidManifest.xml:40:5
	android:name
		ADDED from AndroidManifest.xml:40:22
uses-permission#android.permission.AUTHENTICATE_ACCOUNTS
ADDED from AndroidManifest.xml:41:5
	android:name
		ADDED from AndroidManifest.xml:41:22
uses-permission#com.android.launcher.permission.READ_SETTINGS
ADDED from AndroidManifest.xml:42:5
	android:name
		ADDED from AndroidManifest.xml:42:22
uses-permission#android.permission.READ_PHONE_STATE
ADDED from AndroidManifest.xml:43:5
	android:name
		ADDED from AndroidManifest.xml:43:22
uses-permission#android.permission.WRITE_EXTERNAL_STORAGE
ADDED from AndroidManifest.xml:44:5
	android:name
		ADDED from AndroidManifest.xml:44:22
uses-permission#android.permission.READ_EXTERNAL_STORAGE
ADDED from AndroidManifest.xml:45:5
	android:name
		ADDED from AndroidManifest.xml:45:22
uses-permission#android.permission.BROADCAST_STICKY
ADDED from AndroidManifest.xml:46:5
	android:name
		ADDED from AndroidManifest.xml:46:22
uses-permission#android.permission.WRITE_SETTINGS
ADDED from AndroidManifest.xml:47:5
	android:name
		ADDED from AndroidManifest.xml:47:22
uses-permission#android.permission.WAKE_LOCK
ADDED from AndroidManifest.xml:48:5
	android:name
		ADDED from AndroidManifest.xml:48:22
uses-permission#android.permission.CALL_PHONE
ADDED from AndroidManifest.xml:49:5
	android:name
		ADDED from AndroidManifest.xml:49:22
uses-permission#android.permission.READ_PHONE_SINTERNETWIFI_STATE
ADDED from AndroidManifest.xml:50:5
	android:name
		ADDED from AndroidManifest.xml:50:22
uses-permission#android.permission.GET_TASKS
ADDED from AndroidManifest.xml:51:5
	android:name
		ADDED from AndroidManifest.xml:51:22
uses-permission#android.permission.MOUNT_UNMOUNT_FILESYSTEMS
ADDED from AndroidManifest.xml:52:5
	android:name
		ADDED from AndroidManifest.xml:52:22
uses-permission#android.permission.VIBRATE
ADDED from AndroidManifest.xml:53:5
	android:name
		ADDED from AndroidManifest.xml:53:22
uses-permission#android.permission.CHANGE_CONFIGURATION
ADDED from AndroidManifest.xml:54:5
	android:name
		ADDED from AndroidManifest.xml:54:22
uses-permission#android.permission.READ_LOGS
ADDED from AndroidManifest.xml:55:5
	android:name
		ADDED from AndroidManifest.xml:55:22
application
ADDED from AndroidManifest.xml:57:5
MERGED from QHThridTravel:recyclerview:unspecified:9:5
MERGED from QHThridTravel:library:unspecified:11:5
MERGED from QHThridTravel:volley:unspecified:11:5
MERGED from QHThridTravel:library_xUtils:unspecified:11:5
	android:label
		ADDED from AndroidManifest.xml:61:9
	android:allowBackup
		ADDED from AndroidManifest.xml:59:9
	android:icon
		ADDED from AndroidManifest.xml:60:9
	android:largeHeap
		ADDED from AndroidManifest.xml:62:9
	android:theme
		ADDED from AndroidManifest.xml:63:9
	android:name
		ADDED from AndroidManifest.xml:58:9
activity#com.ziyou.selftravel.activity.IntroActivity
ADDED from AndroidManifest.xml:64:9
	android:screenOrientation
		ADDED from AndroidManifest.xml:66:13
	android:name
		ADDED from AndroidManifest.xml:65:13
activity#com.ziyou.selftravel.activity.SplashActivity
ADDED from AndroidManifest.xml:69:9
	android:screenOrientation
		ADDED from AndroidManifest.xml:71:13
	android:theme
		ADDED from AndroidManifest.xml:72:13
	android:name
		ADDED from AndroidManifest.xml:70:13
intent-filter#android.intent.action.MAIN+android.intent.category.LAUNCHER
ADDED from AndroidManifest.xml:73:13
action#android.intent.action.MAIN
ADDED from AndroidManifest.xml:74:17
	android:name
		ADDED from AndroidManifest.xml:74:25
category#android.intent.category.LAUNCHER
ADDED from AndroidManifest.xml:76:17
	android:name
		ADDED from AndroidManifest.xml:76:27
activity#com.ziyou.selftravel.activity.IndexActivity
ADDED from AndroidManifest.xml:79:9
	android:screenOrientation
		ADDED from AndroidManifest.xml:81:13
	android:windowSoftInputMode
		ADDED from AndroidManifest.xml:82:13
	android:name
		ADDED from AndroidManifest.xml:80:13
activity#com.ziyou.selftravel.activity.LoginActivity
ADDED from AndroidManifest.xml:84:9
	android:screenOrientation
		ADDED from AndroidManifest.xml:86:13
	android:name
		ADDED from AndroidManifest.xml:85:13
activity#com.ziyou.selftravel.activity.ScenicDetailActivity
ADDED from AndroidManifest.xml:88:9
	android:screenOrientation
		ADDED from AndroidManifest.xml:90:13
	android:name
		ADDED from AndroidManifest.xml:89:13
activity#com.ziyou.selftravel.activity.ScenicDetailMaskActivity
ADDED from AndroidManifest.xml:92:9
	android:screenOrientation
		ADDED from AndroidManifest.xml:94:13
	android:theme
		ADDED from AndroidManifest.xml:95:13
	android:name
		ADDED from AndroidManifest.xml:93:13
activity#com.ziyou.selftravel.activity.ImageGalleryActivity
ADDED from AndroidManifest.xml:97:9
	android:screenOrientation
		ADDED from AndroidManifest.xml:99:13
	android:name
		ADDED from AndroidManifest.xml:98:13
activity#com.ziyou.selftravel.activity.CommentDetailsActivity
ADDED from AndroidManifest.xml:101:9
	android:screenOrientation
		ADDED from AndroidManifest.xml:103:13
	android:windowSoftInputMode
		ADDED from AndroidManifest.xml:104:13
	android:name
		ADDED from AndroidManifest.xml:102:13
activity#com.ziyou.selftravel.activity.ScenicLiveActivity
ADDED from AndroidManifest.xml:106:9
	android:screenOrientation
		ADDED from AndroidManifest.xml:108:13
	android:name
		ADDED from AndroidManifest.xml:107:13
activity#com.ziyou.selftravel.activity.ScenicVideoListActivity
ADDED from AndroidManifest.xml:110:9
	android:screenOrientation
		ADDED from AndroidManifest.xml:112:13
	android:name
		ADDED from AndroidManifest.xml:111:13
activity#com.ziyou.selftravel.activity.VideoPlaybackActivity
ADDED from AndroidManifest.xml:114:9
	android:configChanges
		ADDED from AndroidManifest.xml:116:13
	android:name
		ADDED from AndroidManifest.xml:115:13
activity#com.kj.guradc.VideoActivity
ADDED from AndroidManifest.xml:118:9
	android:configChanges
		ADDED from AndroidManifest.xml:120:13
	android:name
		ADDED from AndroidManifest.xml:119:13
activity#com.ziyou.selftravel.activity.ServiceMapActivity
ADDED from AndroidManifest.xml:122:9
	android:screenOrientation
		ADDED from AndroidManifest.xml:124:13
	android:name
		ADDED from AndroidManifest.xml:123:13
activity#com.ziyou.selftravel.activity.ServiceListActivity
ADDED from AndroidManifest.xml:126:9
	android:screenOrientation
		ADDED from AndroidManifest.xml:128:13
	android:name
		ADDED from AndroidManifest.xml:127:13
activity#com.ziyou.selftravel.activity.ScenicListActivity
ADDED from AndroidManifest.xml:130:9
	android:screenOrientation
		ADDED from AndroidManifest.xml:132:13
	android:name
		ADDED from AndroidManifest.xml:131:13
activity#com.ziyou.selftravel.activity.ScenicOverviewActivity
ADDED from AndroidManifest.xml:134:9
	android:screenOrientation
		ADDED from AndroidManifest.xml:136:13
	android:name
		ADDED from AndroidManifest.xml:135:13
activity#com.ziyou.selftravel.activity.ScenicSpotListActivity
ADDED from AndroidManifest.xml:138:9
	android:screenOrientation
		ADDED from AndroidManifest.xml:140:13
	android:name
		ADDED from AndroidManifest.xml:139:13
activity#com.ziyou.selftravel.activity.CommentEditActivity
ADDED from AndroidManifest.xml:142:9
	android:screenOrientation
		ADDED from AndroidManifest.xml:145:13
	android:configChanges
		ADDED from AndroidManifest.xml:144:13
	android:name
		ADDED from AndroidManifest.xml:143:13
activity#com.ziyou.selftravel.activity.CommentListActivity
ADDED from AndroidManifest.xml:147:9
	android:screenOrientation
		ADDED from AndroidManifest.xml:149:13
	android:name
		ADDED from AndroidManifest.xml:148:13
activity#com.ziyou.selftravel.activity.PhotoPickActivity
ADDED from AndroidManifest.xml:151:9
	android:screenOrientation
		ADDED from AndroidManifest.xml:153:13
	android:name
		ADDED from AndroidManifest.xml:152:13
activity#com.ziyou.selftravel.activity.PhotoPreviewActivity
ADDED from AndroidManifest.xml:155:9
	android:screenOrientation
		ADDED from AndroidManifest.xml:157:13
	android:name
		ADDED from AndroidManifest.xml:156:13
activity#com.ziyou.selftravel.activity.NaviActivity
ADDED from AndroidManifest.xml:159:9
	android:screenOrientation
		ADDED from AndroidManifest.xml:161:13
	android:name
		ADDED from AndroidManifest.xml:160:13
activity#com.ziyou.selftravel.activity.ListenActivity
ADDED from AndroidManifest.xml:163:9
	android:screenOrientation
		ADDED from AndroidManifest.xml:165:13
	android:name
		ADDED from AndroidManifest.xml:164:13
intent-filter#android.intent.category.DEFAULT+com.ziyou.selftravel.action.PLAYBACK_ACTIIVTY
ADDED from AndroidManifest.xml:166:13
action#com.ziyou.selftravel.action.PLAYBACK_ACTIIVTY
ADDED from AndroidManifest.xml:167:17
	android:name
		ADDED from AndroidManifest.xml:167:25
category#android.intent.category.DEFAULT
ADDED from AndroidManifest.xml:169:17
	android:name
		ADDED from AndroidManifest.xml:169:27
activity#com.ziyou.selftravel.activity.ListenMaskActivity
ADDED from AndroidManifest.xml:172:9
	android:screenOrientation
		ADDED from AndroidManifest.xml:174:13
	android:theme
		ADDED from AndroidManifest.xml:175:13
	android:name
		ADDED from AndroidManifest.xml:173:13
activity#com.ziyou.selftravel.activity.VideoUploadActivity
ADDED from AndroidManifest.xml:177:9
	android:screenOrientation
		ADDED from AndroidManifest.xml:179:13
	android:name
		ADDED from AndroidManifest.xml:178:13
activity#com.ziyou.selftravel.activity.VideoRecorderActivity
ADDED from AndroidManifest.xml:181:9
	android:screenOrientation
		ADDED from AndroidManifest.xml:183:13
	android:name
		ADDED from AndroidManifest.xml:182:13
activity#com.ziyou.selftravel.activity.DownloadListActivity
ADDED from AndroidManifest.xml:185:9
	android:screenOrientation
		ADDED from AndroidManifest.xml:187:13
	android:name
		ADDED from AndroidManifest.xml:186:13
intent-filter#android.intent.category.DEFAULT+com.ziyou.selftravel.intent.action.DOWNLOAD_NOTIFICATION_CLICKED
ADDED from AndroidManifest.xml:188:13
action#com.ziyou.selftravel.intent.action.DOWNLOAD_NOTIFICATION_CLICKED
ADDED from AndroidManifest.xml:189:17
	android:name
		ADDED from AndroidManifest.xml:189:25
activity#com.ziyou.selftravel.activity.SettingsActivity
ADDED from AndroidManifest.xml:194:9
	android:screenOrientation
		ADDED from AndroidManifest.xml:196:13
	android:name
		ADDED from AndroidManifest.xml:195:13
activity#com.ziyou.selftravel.activity.GuiderCollection
ADDED from AndroidManifest.xml:198:9
	android:screenOrientation
		ADDED from AndroidManifest.xml:200:13
	android:name
		ADDED from AndroidManifest.xml:199:13
activity#com.ziyou.selftravel.activity.FavoritesActivity
ADDED from AndroidManifest.xml:202:9
	android:screenOrientation
		ADDED from AndroidManifest.xml:204:13
	android:name
		ADDED from AndroidManifest.xml:203:13
activity#com.ziyou.selftravel.activity.ScenicSpotsMapActivity
ADDED from AndroidManifest.xml:206:9
	android:screenOrientation
		ADDED from AndroidManifest.xml:208:13
	android:name
		ADDED from AndroidManifest.xml:207:13
activity#com.ziyou.selftravel.activity.SearchActivity
ADDED from AndroidManifest.xml:210:9
	android:screenOrientation
		ADDED from AndroidManifest.xml:212:13
	android:windowSoftInputMode
		ADDED from AndroidManifest.xml:213:13
	android:name
		ADDED from AndroidManifest.xml:211:13
activity#com.ziyou.selftravel.activity.SearchScenicActivity
ADDED from AndroidManifest.xml:215:9
	android:screenOrientation
		ADDED from AndroidManifest.xml:217:13
	android:windowSoftInputMode
		ADDED from AndroidManifest.xml:218:13
	android:name
		ADDED from AndroidManifest.xml:216:13
activity#com.ziyou.selftravel.activity.OfficialActivity
ADDED from AndroidManifest.xml:220:9
	android:screenOrientation
		ADDED from AndroidManifest.xml:222:13
	android:name
		ADDED from AndroidManifest.xml:221:13
activity#com.ziyou.selftravel.activity.PublishActivity
ADDED from AndroidManifest.xml:224:9
	android:screenOrientation
		ADDED from AndroidManifest.xml:226:13
	android:name
		ADDED from AndroidManifest.xml:225:13
activity#com.ziyou.selftravel.activity.TrafficActivity
ADDED from AndroidManifest.xml:228:9
	android:screenOrientation
		ADDED from AndroidManifest.xml:230:13
	android:name
		ADDED from AndroidManifest.xml:229:13
activity#com.ziyou.selftravel.activity.CityChooseActivity
ADDED from AndroidManifest.xml:232:9
	android:screenOrientation
		ADDED from AndroidManifest.xml:234:13
	android:windowSoftInputMode
		ADDED from AndroidManifest.xml:235:13
	android:name
		ADDED from AndroidManifest.xml:233:13
activity#com.ziyou.selftravel.activity.ItineraryEditStepOneActivity
ADDED from AndroidManifest.xml:237:9
	android:screenOrientation
		ADDED from AndroidManifest.xml:240:13
	android:windowSoftInputMode
		ADDED from AndroidManifest.xml:241:13
	android:configChanges
		ADDED from AndroidManifest.xml:239:13
	android:name
		ADDED from AndroidManifest.xml:238:13
activity#com.ziyou.selftravel.activity.FeedbackActivity
ADDED from AndroidManifest.xml:243:9
	android:screenOrientation
		ADDED from AndroidManifest.xml:245:13
	android:name
		ADDED from AndroidManifest.xml:244:13
activity#com.ziyou.selftravel.activity.AboutActivity
ADDED from AndroidManifest.xml:247:9
	android:screenOrientation
		ADDED from AndroidManifest.xml:249:13
	android:name
		ADDED from AndroidManifest.xml:248:13
activity#com.ziyou.selftravel.activity.UserAgreementActivity
ADDED from AndroidManifest.xml:251:9
	android:screenOrientation
		ADDED from AndroidManifest.xml:253:13
	android:name
		ADDED from AndroidManifest.xml:252:13
activity#com.ziyou.selftravel.activity.UserProfileActivity
ADDED from AndroidManifest.xml:255:9
	android:screenOrientation
		ADDED from AndroidManifest.xml:257:13
	android:name
		ADDED from AndroidManifest.xml:256:13
activity#com.ziyou.selftravel.activity.TextFieldEditActivity
ADDED from AndroidManifest.xml:259:9
	android:screenOrientation
		ADDED from AndroidManifest.xml:262:13
	android:windowSoftInputMode
		ADDED from AndroidManifest.xml:263:13
	android:configChanges
		ADDED from AndroidManifest.xml:261:13
	android:name
		ADDED from AndroidManifest.xml:260:13
activity#com.ziyou.selftravel.activity.TrackDetailActivity
ADDED from AndroidManifest.xml:265:9
	android:screenOrientation
		ADDED from AndroidManifest.xml:267:13
	android:name
		ADDED from AndroidManifest.xml:266:13
activity#com.ziyou.selftravel.activity.TripDetailEditActivity
ADDED from AndroidManifest.xml:269:9
	android:screenOrientation
		ADDED from AndroidManifest.xml:272:13
	android:configChanges
		ADDED from AndroidManifest.xml:271:13
	android:name
		ADDED from AndroidManifest.xml:270:13
activity#com.ziyou.selftravel.activity.GuideAddActivity
ADDED from AndroidManifest.xml:274:9
	android:screenOrientation
		ADDED from AndroidManifest.xml:277:13
	android:configChanges
		ADDED from AndroidManifest.xml:276:13
	android:name
		ADDED from AndroidManifest.xml:275:13
activity#com.ziyou.selftravel.activity.TripAddActivity
ADDED from AndroidManifest.xml:280:9
	android:screenOrientation
		ADDED from AndroidManifest.xml:283:13
	android:configChanges
		ADDED from AndroidManifest.xml:282:13
	android:name
		ADDED from AndroidManifest.xml:281:13
activity#com.ziyou.selftravel.activity.TripDayEditActivity
ADDED from AndroidManifest.xml:285:9
	android:screenOrientation
		ADDED from AndroidManifest.xml:288:13
	android:configChanges
		ADDED from AndroidManifest.xml:287:13
	android:name
		ADDED from AndroidManifest.xml:286:13
activity#com.ziyou.selftravel.activity.WebActivity
ADDED from AndroidManifest.xml:290:9
	android:screenOrientation
		ADDED from AndroidManifest.xml:292:13
	android:name
		ADDED from AndroidManifest.xml:291:13
activity#com.ziyou.selftravel.activity.SpotPickActivity
ADDED from AndroidManifest.xml:294:9
	android:screenOrientation
		ADDED from AndroidManifest.xml:296:13
	android:name
		ADDED from AndroidManifest.xml:295:13
activity#com.ziyou.selftravel.activity.PostImagesActivity
ADDED from AndroidManifest.xml:297:9
	android:screenOrientation
		ADDED from AndroidManifest.xml:299:13
	android:name
		ADDED from AndroidManifest.xml:298:13
activity#com.ziyou.selftravel.activity.CityScenicListActivity
ADDED from AndroidManifest.xml:300:9
	android:screenOrientation
		ADDED from AndroidManifest.xml:302:13
	android:name
		ADDED from AndroidManifest.xml:301:13
activity#com.ziyou.selftravel.activity.ScenicSpotsMapAct
ADDED from AndroidManifest.xml:303:9
	android:screenOrientation
		ADDED from AndroidManifest.xml:305:13
	android:name
		ADDED from AndroidManifest.xml:304:13
activity#com.ziyou.selftravel.activity.SecnicActivity
ADDED from AndroidManifest.xml:306:9
	android:screenOrientation
		ADDED from AndroidManifest.xml:308:13
	android:name
		ADDED from AndroidManifest.xml:307:13
activity#com.ziyou.selftravel.activity.RestaurantActivity
ADDED from AndroidManifest.xml:309:9
	android:screenOrientation
		ADDED from AndroidManifest.xml:311:13
	android:name
		ADDED from AndroidManifest.xml:310:13
activity#com.ziyou.selftravel.activity.RestaurantDetailActivity
ADDED from AndroidManifest.xml:312:9
	android:screenOrientation
		ADDED from AndroidManifest.xml:314:13
	android:name
		ADDED from AndroidManifest.xml:313:13
activity#com.ziyou.selftravel.activity.SpecialActivity
ADDED from AndroidManifest.xml:315:9
	android:screenOrientation
		ADDED from AndroidManifest.xml:317:13
	android:name
		ADDED from AndroidManifest.xml:316:13
activity#com.ziyou.selftravel.activity.QHStrategyActivity
ADDED from AndroidManifest.xml:318:9
	android:screenOrientation
		ADDED from AndroidManifest.xml:320:13
	android:name
		ADDED from AndroidManifest.xml:319:13
activity#com.ziyou.selftravel.activity.HotelActivity
ADDED from AndroidManifest.xml:321:9
	android:screenOrientation
		ADDED from AndroidManifest.xml:323:13
	android:name
		ADDED from AndroidManifest.xml:322:13
activity#com.ziyou.selftravel.activity.QHNavigationActivity
ADDED from AndroidManifest.xml:324:9
	android:screenOrientation
		ADDED from AndroidManifest.xml:326:13
	android:name
		ADDED from AndroidManifest.xml:325:13
activity#com.ziyou.selftravel.activity.HotelDetailActivity
ADDED from AndroidManifest.xml:327:9
	android:screenOrientation
		ADDED from AndroidManifest.xml:329:13
	android:name
		ADDED from AndroidManifest.xml:328:13
activity#com.ziyou.selftravel.activity.SpecialDetailActivity
ADDED from AndroidManifest.xml:330:9
	android:screenOrientation
		ADDED from AndroidManifest.xml:332:13
	android:name
		ADDED from AndroidManifest.xml:331:13
activity#com.ziyou.selftravel.activity.CityListActivity
ADDED from AndroidManifest.xml:333:9
	android:screenOrientation
		ADDED from AndroidManifest.xml:335:13
	android:name
		ADDED from AndroidManifest.xml:334:13
activity#com.ziyou.selftravel.activity.WaitActivity
ADDED from AndroidManifest.xml:336:9
	android:screenOrientation
		ADDED from AndroidManifest.xml:338:13
	android:name
		ADDED from AndroidManifest.xml:337:13
activity#com.ziyou.selftravel.activity.HotelMapActivity
ADDED from AndroidManifest.xml:339:9
	android:screenOrientation
		ADDED from AndroidManifest.xml:341:13
	android:name
		ADDED from AndroidManifest.xml:340:13
activity#com.ziyou.selftravel.activity.GuiderCollectionActivity
ADDED from AndroidManifest.xml:342:9
	android:screenOrientation
		ADDED from AndroidManifest.xml:344:13
	android:name
		ADDED from AndroidManifest.xml:343:13
activity#com.ziyou.selftravel.activity.GuiderPublishActivity
ADDED from AndroidManifest.xml:345:9
	android:screenOrientation
		ADDED from AndroidManifest.xml:347:13
	android:name
		ADDED from AndroidManifest.xml:346:13
activity#com.ziyou.selftravel.activity.GuiderRaidersCommentActivity
ADDED from AndroidManifest.xml:348:9
	android:screenOrientation
		ADDED from AndroidManifest.xml:350:13
	android:name
		ADDED from AndroidManifest.xml:349:13
activity#com.ziyou.selftravel.activity.NightLiveActivity
ADDED from AndroidManifest.xml:351:9
	android:configChanges
		ADDED from AndroidManifest.xml:353:13
	android:name
		ADDED from AndroidManifest.xml:352:13
activity#com.ziyou.selftravel.activity.NavigationDetailActivity
ADDED from AndroidManifest.xml:355:9
	android:screenOrientation
		ADDED from AndroidManifest.xml:357:13
	android:name
		ADDED from AndroidManifest.xml:356:13
activity#com.ziyou.selftravel.activity.SearchListActivity
ADDED from AndroidManifest.xml:359:9
	android:screenOrientation
		ADDED from AndroidManifest.xml:361:13
	android:name
		ADDED from AndroidManifest.xml:360:13
activity#com.ziyou.selftravel.wxapi.WXEntryActivity
ADDED from AndroidManifest.xml:363:9
	android:screenOrientation
		ADDED from AndroidManifest.xml:367:13
	android:exported
		ADDED from AndroidManifest.xml:366:13
	android:configChanges
		ADDED from AndroidManifest.xml:365:13
	android:theme
		ADDED from AndroidManifest.xml:368:13
	android:name
		ADDED from AndroidManifest.xml:364:13
service#com.ziyou.selftravel.media.PlaybackService
ADDED from AndroidManifest.xml:370:9
	android:enabled
		ADDED from AndroidManifest.xml:372:13
	android:name
		ADDED from AndroidManifest.xml:371:13
intent-filter#com.ziyou.selftravel.action.CLOSE_NOTIFICATION+com.ziyou.selftravel.action.TOGGLE_PLAYBACK_NOTIFICATION
ADDED from AndroidManifest.xml:373:13
action#com.ziyou.selftravel.action.TOGGLE_PLAYBACK_NOTIFICATION
ADDED from AndroidManifest.xml:374:17
	android:name
		ADDED from AndroidManifest.xml:374:25
action#com.ziyou.selftravel.action.CLOSE_NOTIFICATION
ADDED from AndroidManifest.xml:375:17
	android:name
		ADDED from AndroidManifest.xml:375:25
service#com.ziyou.selftravel.service.LocationService
ADDED from AndroidManifest.xml:378:9
	android:enabled
		ADDED from AndroidManifest.xml:380:13
	android:name
		ADDED from AndroidManifest.xml:379:13
intent-filter#com.ziyou.selftravel.action.UPDATE_LOCATION
ADDED from AndroidManifest.xml:381:13
action#com.ziyou.selftravel.action.UPDATE_LOCATION
ADDED from AndroidManifest.xml:382:17
	android:name
		ADDED from AndroidManifest.xml:382:25
provider#com.ziyou.selftravel.download.DownloadProvider
ADDED from AndroidManifest.xml:386:9
	android:authorities
		ADDED from AndroidManifest.xml:388:13
	android:exported
		ADDED from AndroidManifest.xml:389:13
	android:name
		ADDED from AndroidManifest.xml:387:13
grant-uri-permission
ADDED from AndroidManifest.xml:390:13
	android:pathPrefix
		ADDED from AndroidManifest.xml:390:35
meta-data#UMENG_APPKEY
ADDED from AndroidManifest.xml:393:9
	android:value
		ADDED from AndroidManifest.xml:395:13
	android:name
		ADDED from AndroidManifest.xml:394:13
meta-data#UMENG_MESSAGE_SECRET
ADDED from AndroidManifest.xml:397:9
	android:value
		ADDED from AndroidManifest.xml:399:13
	android:name
		ADDED from AndroidManifest.xml:398:13
meta-data#UMENG_CHANNEL
ADDED from AndroidManifest.xml:401:9
	android:value
		ADDED from AndroidManifest.xml:403:13
	android:name
		ADDED from AndroidManifest.xml:402:13
activity#com.umeng.socialize.view.ShareActivity
ADDED from AndroidManifest.xml:406:9
	android:launchMode
		ADDED from AndroidManifest.xml:409:13
	android:noHistory
		ADDED from AndroidManifest.xml:410:13
	android:windowSoftInputMode
		ADDED from AndroidManifest.xml:412:13
	android:configChanges
		ADDED from AndroidManifest.xml:408:13
	android:theme
		ADDED from AndroidManifest.xml:411:13
	android:name
		ADDED from AndroidManifest.xml:407:13
activity#com.tencent.tauth.AuthActivity
ADDED from AndroidManifest.xml:413:9
	android:launchMode
		ADDED from AndroidManifest.xml:416:13
	android:noHistory
		ADDED from AndroidManifest.xml:417:13
	android:configChanges
		ADDED from AndroidManifest.xml:415:13
	android:name
		ADDED from AndroidManifest.xml:414:13
intent-filter#android.intent.action.VIEW+android.intent.category.BROWSABLE+android.intent.category.DEFAULT
ADDED from AndroidManifest.xml:418:13
action#android.intent.action.VIEW
ADDED from AndroidManifest.xml:419:17
	android:name
		ADDED from AndroidManifest.xml:419:25
category#android.intent.category.BROWSABLE
ADDED from AndroidManifest.xml:422:17
	android:name
		ADDED from AndroidManifest.xml:422:27
data
ADDED from AndroidManifest.xml:424:17
	android:scheme
		ADDED from AndroidManifest.xml:424:23
activity#com.tencent.connect.common.AssistActivity
ADDED from AndroidManifest.xml:427:9
	android:screenOrientation
		ADDED from AndroidManifest.xml:429:13
	android:theme
		ADDED from AndroidManifest.xml:430:13
	android:name
		ADDED from AndroidManifest.xml:428:13
service#com.ziyou.selftravel.download.DownloadService
ADDED from AndroidManifest.xml:432:9
	android:name
		ADDED from AndroidManifest.xml:432:18
service#com.umeng.update.net.DownloadingService
ADDED from AndroidManifest.xml:435:9
	android:process
		ADDED from AndroidManifest.xml:437:13
	android:name
		ADDED from AndroidManifest.xml:436:13
activity#com.umeng.update.UpdateDialogActivity
ADDED from AndroidManifest.xml:440:9
	android:theme
		ADDED from AndroidManifest.xml:442:13
	android:name
		ADDED from AndroidManifest.xml:441:13
activity#com.ziyou.selftravel.activity.TotalComment
ADDED from AndroidManifest.xml:444:9
	android:name
		ADDED from AndroidManifest.xml:444:19
activity#com.ziyou.selftravel.activity.MediaPlayerActivity
ADDED from AndroidManifest.xml:446:9
	android:name
		ADDED from AndroidManifest.xml:446:19
activity#com.ziyou.selftravel.activity.GuiderMessageDetailActivity
ADDED from AndroidManifest.xml:448:9
	android:name
		ADDED from AndroidManifest.xml:448:19
activity#com.ziyou.selftravel.activity.GuiderMessageListActivity
ADDED from AndroidManifest.xml:450:9
	android:name
		ADDED from AndroidManifest.xml:450:19
activity#com.ziyou.selftravel.activity.GuiderRecommandActivity
ADDED from AndroidManifest.xml:452:9
	android:name
		ADDED from AndroidManifest.xml:452:19
activity#com.ziyou.selftravel.navi.SimpleNaviActivity
ADDED from AndroidManifest.xml:454:9
	android:label
		ADDED from AndroidManifest.xml:456:13
	android:name
		ADDED from AndroidManifest.xml:455:13
receiver#com.ziyou.selftravel.download.DownloadReceiver
ADDED from AndroidManifest.xml:459:9
	android:exported
		ADDED from AndroidManifest.xml:461:13
	android:name
		ADDED from AndroidManifest.xml:460:13
intent-filter#android.net.conn.CONNECTIVITY_CHANGE
ADDED from AndroidManifest.xml:462:13
action#android.net.conn.CONNECTIVITY_CHANGE
ADDED from AndroidManifest.xml:463:17
	android:name
		ADDED from AndroidManifest.xml:463:25
intent-filter#android.intent.action.MEDIA_MOUNTED
ADDED from AndroidManifest.xml:465:13
action#android.intent.action.MEDIA_MOUNTED
ADDED from AndroidManifest.xml:466:17
	android:name
		ADDED from AndroidManifest.xml:466:25
intent-filter#com.ziyou.selftravel.intent.action.DOWNLOAD_INFORMATION
ADDED from AndroidManifest.xml:470:13
action#com.ziyou.selftravel.intent.action.DOWNLOAD_INFORMATION
ADDED from AndroidManifest.xml:471:17
	android:name
		ADDED from AndroidManifest.xml:471:25
receiver#com.umeng.message.NotificationProxyBroadcastReceiver